#
# There is insufficient memory for the Java Runtime Environment to continue.
# Native memory allocation (malloc) failed to allocate 1048576 bytes for AllocateHeap
# Possible reasons:
#   The system is out of physical RAM or swap space
#   The process is running with CompressedOops enabled, and the Java Heap may be blocking the growth of the native heap
# Possible solutions:
#   Reduce memory load on the system
#   Increase physical memory or swap space
#   Check if swap backing store is full
#   Decrease Java heap size (-Xmx/-Xms)
#   Decrease number of Java threads
#   Decrease Java thread stack sizes (-Xss)
#   Set larger code cache with -XX:ReservedCodeCacheSize=
#   JVM is running with Unscaled Compressed Oops mode in which the Java heap is
#     placed in the first 4GB address space. The Java Heap base address is the
#     maximum limit for the native heap growth. Please use -XX:HeapBaseMinAddress
#     to set the Java Heap base and to place the Java Heap above 4GB virtual address.
# This output file may be truncated or incomplete.
#
#  Out of Memory Error (memory/allocation.inline.hpp:61), pid=17600, tid=0x0000000000002d28
#
# JRE version:  (8.0_202-b08) (build )
# Java VM: Java HotSpot(TM) 64-Bit Server VM (25.202-b08 mixed mode windows-amd64 compressed oops)
# Failed to write core dump. Minidumps are not enabled by default on client versions of Windows
#

---------------  T H R E A D  ---------------

Current thread (0x000000000276d800):  JavaThread "Unknown thread" [_thread_in_vm, id=11560, stack(0x0000000002620000,0x0000000002720000)]

Stack: [0x0000000002620000,0x0000000002720000]
[error occurred during error reporting (printing stack bounds), id 0xc0000005]

Native frames: (J=compiled Java code, j=interpreted, Vv=VM code, C=native code)


---------------  P R O C E S S  ---------------

Java Threads: ( => current thread )

Other Threads:

=>0x000000000276d800 (exited) JavaThread "Unknown thread" [_thread_in_vm, id=11560, stack(0x0000000002620000,0x0000000002720000)]

VM state:not at safepoint (normal execution)

VM Mutex/Monitor currently owned by a thread: None

heap address: 0x0000000091000000, size: 1776 MB, Compressed Oops mode: 32-bit
Narrow klass base: 0x0000000000000000, Narrow klass shift: 3
Compressed class space size: 1073741824 Address: 0x0000000100000000

Heap:
 PSYoungGen      total 33280K, used 573K [0x00000000db000000, 0x00000000dd500000, 0x0000000100000000)
  eden space 28672K, 2% used [0x00000000db000000,0x00000000db08f5d0,0x00000000dcc00000)
  from space 4608K, 0% used [0x00000000dd080000,0x00000000dd080000,0x00000000dd500000)
  to   space 4608K, 0% used [0x00000000dcc00000,0x00000000dcc00000,0x00000000dd080000)
 ParOldGen       total 76800K, used 0K [0x0000000091000000, 0x0000000095b00000, 0x00000000db000000)
  object space 76800K, 0% used [0x0000000091000000,0x0000000091000000,0x0000000095b00000)
 Metaspace       used 786K, capacity 1156K, committed 1408K, reserved 1060864K
  class space    used 76K, capacity 384K, committed 384K, reserved 1048576K

Card table byte_map: [0x0000000011c30000,0x0000000011fb0000] byte_map_base: 0x00000000117a8000

Marking Bits: (ParMarkBitMap*) 0x00000000521c5ce0
 Begin Bits: [0x0000000012a00000, 0x00000000145c0000)
 End Bits:   [0x00000000145c0000, 0x0000000016180000)

Polling page: 0x0000000000990000

CodeCache: size=245760Kb used=327Kb max_used=327Kb free=245432Kb
 bounds [0x0000000002870000, 0x0000000002ae0000, 0x0000000011870000]
 total_blobs=57 nmethods=0 adapters=38
 compilation: enabled

Compilation events (0 events):
No events

GC Heap History (0 events):
No events

Deoptimization events (0 events):
No events

Classes redefined (0 events):
No events

Internal exceptions (0 events):
No events

Events (10 events):
Event: 0.047 loading class java/lang/Short
Event: 0.047 loading class java/lang/Short done
Event: 0.047 loading class java/lang/Integer
Event: 0.047 loading class java/lang/Integer done
Event: 0.047 loading class java/lang/Long
Event: 0.047 loading class java/lang/Long done
Event: 0.049 loading class java/lang/NullPointerException
Event: 0.049 loading class java/lang/NullPointerException done
Event: 0.049 loading class java/lang/ArithmeticException
Event: 0.049 loading class java/lang/ArithmeticException done


Dynamic libraries:
0x00007ff6da9c0000 - 0x00007ff6da9f7000 	C:\Program Files\Java\jdk1.8.0_202\bin\javaw.exe
0x00007ffed36f0000 - 0x00007ffed38e5000 	C:\WINDOWS\SYSTEM32\ntdll.dll
0x00007ffed3010000 - 0x00007ffed30cd000 	C:\WINDOWS\System32\KERNEL32.DLL
0x00007ffed0fb0000 - 0x00007ffed127d000 	C:\WINDOWS\System32\KERNELBASE.dll
0x00007ffed1cf0000 - 0x00007ffed1d9e000 	C:\WINDOWS\System32\ADVAPI32.dll
0x00007ffed1f50000 - 0x00007ffed1fee000 	C:\WINDOWS\System32\msvcrt.dll
0x00007ffed1c50000 - 0x00007ffed1cec000 	C:\WINDOWS\System32\sechost.dll
0x00007ffed2790000 - 0x00007ffed28b5000 	C:\WINDOWS\System32\RPCRT4.dll
0x00007ffed30d0000 - 0x00007ffed3270000 	C:\WINDOWS\System32\USER32.dll
0x00007ffed1310000 - 0x00007ffed1332000 	C:\WINDOWS\System32\win32u.dll
0x00007ffed2400000 - 0x00007ffed242a000 	C:\WINDOWS\System32\GDI32.dll
0x00007ffed15c0000 - 0x00007ffed16cb000 	C:\WINDOWS\System32\gdi32full.dll
0x00007ffed1370000 - 0x00007ffed140d000 	C:\WINDOWS\System32\msvcp_win.dll
0x00007ffed0e00000 - 0x00007ffed0f00000 	C:\WINDOWS\System32\ucrtbase.dll
0x00007ffec0490000 - 0x00007ffec072a000 	C:\WINDOWS\WinSxS\amd64_microsoft.windows.common-controls_6595b64144ccf1df_6.0.19041.1110_none_60b5254171f9507e\COMCTL32.dll
0x00007ffed1c20000 - 0x00007ffed1c50000 	C:\WINDOWS\System32\IMM32.DLL
0x0000000052250000 - 0x0000000052322000 	C:\Program Files\Java\jdk1.8.0_202\jre\bin\msvcr100.dll
0x00000000519a0000 - 0x0000000052245000 	C:\Program Files\Java\jdk1.8.0_202\jre\bin\server\jvm.dll
0x00007ffed22c0000 - 0x00007ffed22c8000 	C:\WINDOWS\System32\PSAPI.DLL
0x00007ffecb9d0000 - 0x00007ffecb9d9000 	C:\WINDOWS\SYSTEM32\WSOCK32.dll
0x00007ffed2010000 - 0x00007ffed207b000 	C:\WINDOWS\System32\WS2_32.dll
0x00007ffecf630000 - 0x00007ffecf657000 	C:\WINDOWS\SYSTEM32\WINMM.dll
0x00007ffec8a30000 - 0x00007ffec8a3a000 	C:\WINDOWS\SYSTEM32\VERSION.dll
0x00007ffec0880000 - 0x00007ffec088f000 	C:\Program Files\Java\jdk1.8.0_202\jre\bin\verify.dll
0x00007ffeaecb0000 - 0x00007ffeaecd9000 	C:\Program Files\Java\jdk1.8.0_202\jre\bin\java.dll
0x00007ffec0830000 - 0x00007ffec0846000 	C:\Program Files\Java\jdk1.8.0_202\jre\bin\zip.dll

VM Arguments:
jvm_args: -Dfile.encoding=Cp1252 
java_command: main.Main
java_class_path (initial): C:\Users\PC\OneDrive - Universidad Icesi (@icesi.edu.co)\Escritorio\GIT\SpaceInvaders\src
Launcher Type: SUN_STANDARD

Environment Variables:
PATH=C:/Users/PC/.p2/pool/plugins/org.eclipse.justj.openjdk.hotspot.jre.full.win32.x86_64_17.0.1.v20211116-1657/jre/bin/server;C:/Users/PC/.p2/pool/plugins/org.eclipse.justj.openjdk.hotspot.jre.full.win32.x86_64_17.0.1.v20211116-1657/jre/bin;C:\WINDOWS\system32;C:\WINDOWS;C:\WINDOWS\System32\Wbem;C:\WINDOWS\System32\WindowsPowerShell\v1.0\;C:\WINDOWS\System32\OpenSSH\;C:\Program Files\Git\cmd;C:\Program Files\php-8.1.4;C:\Users\PC\AppData\Local\Microsoft\WindowsApps;C:\Users\PC\AppData\Local\gitkraken\bin;C:\Users\PC\AppData\Local\Programs\Microsoft VS Code\bin;C:\Users\PC\AppData\Local\Microsoft\WindowsApps;;C:\WINDOWS\System32;
USERNAME=PC
OS=Windows_NT
PROCESSOR_IDENTIFIER=AMD64 Family 23 Model 24 Stepping 1, AuthenticAMD



---------------  S Y S T E M  ---------------

OS: Windows 10.0 , 64 bit Build 19041 (10.0.19041.1706)

CPU:total 8 (initial active 8) (8 cores per cpu, 1 threads per core) family 23 model 24 stepping 1, cmov, cx8, fxsr, mmx, sse, sse2, sse3, ssse3, sse4.1, sse4.2, popcnt, avx, avx2, aes, clmul, mmxext, 3dnowpref, lzcnt, sse4a, tsc, tscinvbit, tscinv, bmi1

Memory: 4k page, physical 7274124k(813992k free), swap 29294220k(4196k free)

vm_info: Java HotSpot(TM) 64-Bit Server VM (25.202-b08) for windows-amd64 JRE (1.8.0_202-b08), built on Dec 15 2018 19:54:30 by "java_re" with MS VC++ 10.0 (VS2010)

time: Sun May 29 16:03:25 2022
timezone: Hora est. Pacífico, Sudamérica
elapsed time: 0 seconds (0d 0h 0m 0s)

